This file contains any messages produced by compilers while
running configure, to aid debugging if configure makes a mistake.

It was created by Ipopt configure 3.13.4, which was
generated by GNU Autoconf 2.69.  Invocation command line was

  $ ./configure help

## --------- ##
## Platform. ##
## --------- ##

hostname = ENGS-21963
uname -m = x86_64
uname -r = 5.4.0-52-generic
uname -s = Linux
uname -v = #57~18.04.1-Ubuntu SMP Thu Oct 15 14:04:49 UTC 2020

/usr/bin/uname -p = unknown
/bin/uname -X     = unknown

/bin/arch              = unknown
/usr/bin/arch -k       = unknown
/usr/convex/getsysinfo = unknown
/usr/bin/hostinfo      = unknown
/bin/machine           = unknown
/usr/bin/oslevel       = unknown
/bin/universe          = unknown

PATH: /opt/xilinx/xrt/bin
PATH: /tools/Xilinx/Vitis/2020.1/bin
PATH: /tools/Xilinx/Vitis/2020.1/gnu/microblaze/lin/bin
PATH: /tools/Xilinx/Vitis/2020.1/gnu/arm/lin/bin
PATH: /tools/Xilinx/Vitis/2020.1/gnu/microblaze/linux_toolchain/lin64_le/bin
PATH: /tools/Xilinx/Vitis/2020.1/gnu/aarch32/lin/gcc-arm-linux-gnueabi/bin
PATH: /tools/Xilinx/Vitis/2020.1/gnu/aarch32/lin/gcc-arm-none-eabi/bin
PATH: /tools/Xilinx/Vitis/2020.1/gnu/aarch64/lin/aarch64-linux/bin
PATH: /tools/Xilinx/Vitis/2020.1/gnu/aarch64/lin/aarch64-none/bin
PATH: /tools/Xilinx/Vitis/2020.1/gnu/armr5/lin/gcc-arm-none-eabi/bin
PATH: /tools/Xilinx/Vitis/2020.1/tps/lnx64/cmake-3.3.2/bin
PATH: /tools/Xilinx/Vitis/2020.1/cardano/bin
PATH: /tools/Xilinx/Vivado/2020.1/bin
PATH: /tools/Xilinx/DocNav
PATH: /opt/ros/melodic/bin
PATH: /usr/local/sbin
PATH: /usr/local/bin
PATH: /usr/sbin
PATH: /usr/bin
PATH: /sbin
PATH: /bin
PATH: /usr/games
PATH: /usr/local/games
PATH: /snap/bin


## ----------- ##
## Core tests. ##
## ----------- ##

configure:3059: checking build system type
configure:3070: error: /bin/bash ./config.sub help failed

## ---------------- ##
## Cache variables. ##
## ---------------- ##

ac_cv_build=
ac_cv_env_ADD_CFLAGS_set=
ac_cv_env_ADD_CFLAGS_value=
ac_cv_env_ADD_CXXFLAGS_set=
ac_cv_env_ADD_CXXFLAGS_value=
ac_cv_env_ADD_FFLAGS_set=
ac_cv_env_ADD_FFLAGS_value=
ac_cv_env_CCC_set=
ac_cv_env_CCC_value=
ac_cv_env_CC_set=
ac_cv_env_CC_value=
ac_cv_env_CFLAGS_set=
ac_cv_env_CFLAGS_value=
ac_cv_env_CPPFLAGS_set=
ac_cv_env_CPPFLAGS_value=
ac_cv_env_CPP_set=
ac_cv_env_CPP_value=
ac_cv_env_CXXCPP_set=
ac_cv_env_CXXCPP_value=
ac_cv_env_CXXFLAGS_set=
ac_cv_env_CXXFLAGS_value=
ac_cv_env_CXXLIBS_set=
ac_cv_env_CXXLIBS_value=
ac_cv_env_CXX_set=
ac_cv_env_CXX_value=
ac_cv_env_F77_set=
ac_cv_env_F77_value=
ac_cv_env_FFLAGS_set=
ac_cv_env_FFLAGS_value=
ac_cv_env_LDFLAGS_set=set
ac_cv_env_LDFLAGS_value=-L/home/jacksoncd/git/Vitis_library/
ac_cv_env_LIBS_set=set
ac_cv_env_LIBS_value=-lvitislibrary
ac_cv_env_LT_LDFLAGS_set=
ac_cv_env_LT_LDFLAGS_value=
ac_cv_env_LT_SYS_LIBRARY_PATH_set=
ac_cv_env_LT_SYS_LIBRARY_PATH_value=
ac_cv_env_PKG_CONFIG_set=
ac_cv_env_PKG_CONFIG_value=
ac_cv_env_build_alias_set=set
ac_cv_env_build_alias_value=help
ac_cv_env_host_alias_set=set
ac_cv_env_host_alias_value=help
ac_cv_env_target_alias_set=set
ac_cv_env_target_alias_value=help

## ----------------- ##
## Output variables. ##
## ----------------- ##

ACLOCAL=''
ADD_CFLAGS=''
ADD_CXXFLAGS=''
ADD_FFLAGS=''
AMDEPBACKSLASH=''
AMDEP_FALSE=''
AMDEP_TRUE=''
AMTAR=''
AM_BACKSLASH=''
AM_DEFAULT_V=''
AM_DEFAULT_VERBOSITY=''
AM_V=''
AR=''
AS=''
AUTOCONF=''
AUTOHEADER=''
AUTOMAKE=''
AWK=''
BIT32FCOMMENT=''
BIT64FCOMMENT=''
BITS_PER_POINTER=''
BUILD_INEXACT_FALSE=''
BUILD_INEXACT_TRUE=''
BUILD_JAVA_FALSE=''
BUILD_JAVA_TRUE=''
BUILD_LINEARSOLVERLOADER_FALSE=''
BUILD_LINEARSOLVERLOADER_TRUE=''
BUILD_SIPOPT_FALSE=''
BUILD_SIPOPT_TRUE=''
CC=''
CCDEPMODE=''
CFLAGS=''
COIN_HAS_ASL_FALSE=''
COIN_HAS_ASL_TRUE=''
COIN_HAS_DOXYGEN_FALSE=''
COIN_HAS_DOXYGEN_TRUE=''
COIN_HAS_F77_FALSE=''
COIN_HAS_F77_TRUE=''
COIN_HAS_HSL_FALSE=''
COIN_HAS_HSL_TRUE=''
COIN_HAS_LAPACK_FALSE=''
COIN_HAS_LAPACK_TRUE=''
COIN_HAS_LATEX_FALSE=''
COIN_HAS_LATEX_TRUE=''
COIN_HAS_MUMPS_FALSE=''
COIN_HAS_MUMPS_TRUE=''
COIN_HAS_PKGCONFIG_FALSE=''
COIN_HAS_PKGCONFIG_TRUE=''
COIN_PKG_CONFIG_PATH=''
COIN_RELOCATABLE_FALSE=''
COIN_RELOCATABLE_TRUE=''
COIN_STATIC_BUILD_FALSE=''
COIN_STATIC_BUILD_TRUE=''
CPP=''
CPPFLAGS=''
CXX=''
CXXCPP=''
CXXDEPMODE=''
CXXFLAGS=''
CXXLIBS=''
CYGPATH_W=''
DEFS=''
DEPDIR=''
DLLTOOL=''
DSYMUTIL=''
DUMPBIN=''
ECHO_C=''
ECHO_N='-n'
ECHO_T=''
EGREP=''
EXEEXT=''
F77=''
FFLAGS=''
FGREP=''
FLIBS=''
GREP=''
HAVE_MA28_FALSE=''
HAVE_MA28_TRUE=''
HAVE_PARDISO_FALSE=''
HAVE_PARDISO_TRUE=''
HAVE_WSMP_FALSE=''
HAVE_WSMP_TRUE=''
HSLLIB_CFLAGS=''
HSLLIB_CFLAGS_NOPC=''
HSLLIB_LFLAGS=''
HSLLIB_LFLAGS_NOPC=''
HSLLIB_PCFILES=''
INSTALL_DATA=''
INSTALL_PROGRAM=''
INSTALL_SCRIPT=''
INSTALL_STRIP_PROGRAM=''
IPALLLIBS=''
IPOPTAMPLINTERFACELIB_CFLAGS=''
IPOPTAMPLINTERFACELIB_CFLAGS_NOPC=''
IPOPTAMPLINTERFACELIB_LFLAGS=''
IPOPTAMPLINTERFACELIB_LFLAGS_NOPC=''
IPOPTAMPLINTERFACELIB_PCFILES=''
IPOPTLIB_CFLAGS=''
IPOPTLIB_CFLAGS_NOPC=''
IPOPTLIB_LFLAGS=''
IPOPTLIB_LFLAGS_NOPC=''
IPOPTLIB_PCFILES=''
JAR=''
JAVA=''
JAVAC=''
JAVADOC=''
LD=''
LDFLAGS='-L/home/jacksoncd/git/Vitis_library/'
LIBOBJS=''
LIBS='-lvitislibrary'
LIBTOOL=''
LIPO=''
LN_S=''
LTLIBOBJS=''
LT_LDFLAGS=''
LT_SYS_LIBRARY_PATH=''
MAINT=''
MAINTAINER_MODE_FALSE=''
MAINTAINER_MODE_TRUE=''
MAKEINFO=''
MANIFEST_TOOL=''
MKDIR_P=''
NM=''
NMEDIT=''
OBJDUMP=''
OBJEXT=''
OTOOL64=''
OTOOL=''
PACKAGE=''
PACKAGE_BUGREPORT='https://github.com/coin-or/Ipopt/issues/new'
PACKAGE_NAME='Ipopt'
PACKAGE_STRING='Ipopt 3.13.4'
PACKAGE_TARNAME='ipopt'
PACKAGE_URL='https://github.com/coin-or/Ipopt'
PACKAGE_VERSION='3.13.4'
PATH_SEPARATOR=':'
PKG_CONFIG=''
RANLIB=''
RPATH_FLAGS=''
SED=''
SET_MAKE=''
SHELL='/bin/bash'
SIPOPTAMPLINTERFACELIB_CFLAGS=''
SIPOPTAMPLINTERFACELIB_CFLAGS_NOPC=''
SIPOPTAMPLINTERFACELIB_LFLAGS=''
SIPOPTAMPLINTERFACELIB_LFLAGS_NOPC=''
SIPOPTAMPLINTERFACELIB_PCFILES=''
STRIP=''
VERSION=''
_ACJNI_JAVAC=''
ac_ct_AR=''
ac_ct_CC=''
ac_ct_CXX=''
ac_ct_DUMPBIN=''
ac_ct_F77=''
ac_ct_PKG_CONFIG=''
am__EXEEXT_FALSE=''
am__EXEEXT_TRUE=''
am__fastdepCC_FALSE=''
am__fastdepCC_TRUE=''
am__fastdepCXX_FALSE=''
am__fastdepCXX_TRUE=''
am__include=''
am__isrc=''
am__leading_dot=''
am__nodep=''
am__quote=''
am__tar=''
am__untar=''
bindir='${exec_prefix}/bin'
build='help'
build_alias='help'
build_cpu=''
build_os=''
build_vendor=''
coin_doxy_logname=''
coin_doxy_tagfiles=''
coin_doxy_tagname=''
coin_doxy_usedot=''
coin_have_doxygen=''
coin_have_latex=''
datadir='${datarootdir}'
datarootdir='${prefix}/share'
docdir='${datarootdir}/doc/${PACKAGE_TARNAME}'
dvidir='${docdir}'
exec_prefix='NONE'
host='help'
host_alias='help'
host_cpu=''
host_os=''
host_vendor=''
htmldir='${docdir}'
includedir='${prefix}/include'
infodir='${datarootdir}/info'
install_sh=''
libdir='${exec_prefix}/lib'
libexecdir='${exec_prefix}/libexec'
localedir='${datarootdir}/locale'
localstatedir='${prefix}/var'
mandir='${datarootdir}/man'
mkdir_p=''
oldincludedir='/usr/include'
pdfdir='${docdir}'
prefix='NONE'
program_transform_name='s,x,x,'
psdir='${docdir}'
sbindir='${exec_prefix}/sbin'
sharedstatedir='${prefix}/com'
sysconfdir='${prefix}/etc'
target_alias='help'

## ----------- ##
## confdefs.h. ##
## ----------- ##

/* confdefs.h */
#define PACKAGE_NAME "Ipopt"
#define PACKAGE_TARNAME "ipopt"
#define PACKAGE_VERSION "3.13.4"
#define PACKAGE_STRING "Ipopt 3.13.4"
#define PACKAGE_BUGREPORT "https://github.com/coin-or/Ipopt/issues/new"
#define PACKAGE_URL "https://github.com/coin-or/Ipopt"

configure: exit 1
