This file contains any messages produced by compilers while
running configure, to aid debugging if configure makes a mistake.

It was created by Ipopt configure 3.13.4, which was
generated by GNU Autoconf 2.69.  Invocation command line was

  $ /home/jacksoncd/git/Ipopt/configure 

## --------- ##
## Platform. ##
## --------- ##

hostname = ENGS-21963
uname -m = x86_64
uname -r = 5.4.0-52-generic
uname -s = Linux
uname -v = #57~18.04.1-Ubuntu SMP Thu Oct 15 14:04:49 UTC 2020

/usr/bin/uname -p = unknown
/bin/uname -X     = unknown

/bin/arch              = unknown
/usr/bin/arch -k       = unknown
/usr/convex/getsysinfo = unknown
/usr/bin/hostinfo      = unknown
/bin/machine           = unknown
/usr/bin/oslevel       = unknown
/bin/universe          = unknown

PATH: /opt/ros/melodic/bin
PATH: /usr/local/sbin
PATH: /usr/local/bin
PATH: /usr/sbin
PATH: /usr/bin
PATH: /sbin
PATH: /bin
PATH: /usr/games
PATH: /usr/local/games
PATH: /snap/bin


## ----------- ##
## Core tests. ##
## ----------- ##


## ---------------- ##
## Cache variables. ##
## ---------------- ##

ac_cv_env_CCC_set=
ac_cv_env_CCC_value=
ac_cv_env_CC_set=
ac_cv_env_CC_value=
ac_cv_env_CFLAGS_set=
ac_cv_env_CFLAGS_value=
ac_cv_env_CPPFLAGS_set=
ac_cv_env_CPPFLAGS_value=
ac_cv_env_CPP_set=
ac_cv_env_CPP_value=
ac_cv_env_CXXFLAGS_set=
ac_cv_env_CXXFLAGS_value=
ac_cv_env_CXX_set=
ac_cv_env_CXX_value=
ac_cv_env_LDFLAGS_set=
ac_cv_env_LDFLAGS_value=
ac_cv_env_LIBS_set=
ac_cv_env_LIBS_value=
ac_cv_env_build_alias_set=
ac_cv_env_build_alias_value=
ac_cv_env_host_alias_set=
ac_cv_env_host_alias_value=
ac_cv_env_target_alias_set=
ac_cv_env_target_alias_value=

## ----------------- ##
## Output variables. ##
## ----------------- ##

BIT32FCOMMENT=''
BIT64FCOMMENT=''
BITS_PER_POINTER=''
CC=''
CFLAGS=''
CPP=''
CPPFLAGS=''
CXX=''
CXXFLAGS=''
DEFS=''
ECHO_C=''
ECHO_N='-n'
ECHO_T=''
EGREP=''
EXEEXT=''
GREP=''
IPALLLIBS=''
JAVAC=''
LDFLAGS=''
LIBS=''
OBJEXT=''
PACKAGE_BUGREPORT='https://github.com/coin-or/Ipopt/issues/new'
PACKAGE_NAME='Ipopt'
PACKAGE_STRING='Ipopt 3.13.4'
PACKAGE_TARNAME='ipopt'
PACKAGE_URL='https://github.com/coin-or/Ipopt'
PACKAGE_VERSION='3.13.4'
PATH_SEPARATOR=':'
SHELL='/bin/bash'
ac_ct_CC=''
ac_ct_CXX=''
bindir='${exec_prefix}/bin'
build_alias=''
datadir='${datarootdir}'
datarootdir='${prefix}/share'
docdir='${datarootdir}/doc/${PACKAGE_TARNAME}'
dvidir='${docdir}'
exec_prefix='NONE'
host_alias=''
htmldir='${docdir}'
includedir='${prefix}/include'
infodir='${datarootdir}/info'
libdir='${exec_prefix}/lib'
libexecdir='${exec_prefix}/libexec'
localedir='${datarootdir}/locale'
localstatedir='${prefix}/var'
mandir='${datarootdir}/man'
oldincludedir='/usr/include'
pdfdir='${docdir}'
prefix='NONE'
program_transform_name='s,x,x,'
psdir='${docdir}'
runstatedir='${localstatedir}/run'
sbindir='${exec_prefix}/sbin'
sharedstatedir='${prefix}/com'
sysconfdir='${prefix}/etc'
target_alias=''

## ----------- ##
## confdefs.h. ##
## ----------- ##

/* confdefs.h */
#define PACKAGE_NAME "Ipopt"
#define PACKAGE_TARNAME "ipopt"
#define PACKAGE_VERSION "3.13.4"
#define PACKAGE_STRING "Ipopt 3.13.4"
#define PACKAGE_BUGREPORT "https://github.com/coin-or/Ipopt/issues/new"
#define PACKAGE_URL "https://github.com/coin-or/Ipopt"

configure: exit 2
